Base path: D:/Unity/Editor/Data
Pipe name: \\.\pipe\UnityShaderCompiler-64bit-1-128
Cmd: getPlatforms
Cmd: preprocess
  error: 1 plat 1 at (48): implicit cast from "float4" to "half3"
  error: 1 plat 1 at (49): implicit cast from "float4" to "half3"
  error: 2 plat 1 at (54): invalid operands to "gt"
  error: 2 plat 1 at (56): invalid operands to "lt"
  error: 1 plat 1 at (58): implicit cast from "float4x4" to "half"
  error: 1 plat 1 at (68): implicit cast from "bool4x4" to "bool"
  error: 1 plat 1 at (73): implicit cast from "bool4x4" to "bool"
  insize=2454 outsize=3016 ok=0
Cmd: preprocess
  insize=1984 outsize=1391 ok=1
Cmd: compileSnippet
  api=4 type=0 insize=7971 outsize=3549 kw=DIRECTIONAL LIGHTMAP_OFF DIRLIGHTMAP_OFF DYNAMICLIGHTMAP_OFF ok=1
Cmd: compileSnippet
  api=4 type=1 insize=7971 outsize=2184 kw=DIRECTIONAL LIGHTMAP_OFF DIRLIGHTMAP_OFF DYNAMICLIGHTMAP_OFF ok=1
Cmd: compileSnippet
  api=4 type=0 insize=4779 outsize=2793 kw=POINT ok=1
Cmd: compileSnippet
  api=4 type=1 insize=4779 outsize=2363 kw=POINT ok=1
Cmd: compileSnippet
  api=4 type=0 insize=4212 outsize=2525 kw= ok=1
Cmd: compileSnippet
  api=4 type=1 insize=4212 outsize=1997 kw= ok=1
Cmd: preprocess
  insize=783 outsize=783 ok=1
Cmd: preprocess
  insize=3240 outsize=1734 ok=1
Cmd: compileSnippet
  api=4 type=0 insize=9856 outsize=5020 kw=DIRECTIONAL SHADOWS_OFF LIGHTMAP_OFF DIRLIGHTMAP_OFF DYNAMICLIGHTMAP_OFF ok=1
Cmd: compileSnippet
  api=4 type=1 insize=9856 outsize=4199 kw=DIRECTIONAL SHADOWS_OFF LIGHTMAP_OFF DIRLIGHTMAP_OFF DYNAMICLIGHTMAP_OFF ok=1
Cmd: compileSnippet
  api=4 type=0 insize=7088 outsize=4102 kw=POINT ok=1
Cmd: compileSnippet
  api=4 type=1 insize=7088 outsize=4817 kw=POINT ok=1
Cmd: compileSnippet
  api=4 type=0 insize=5941 outsize=3468 kw= ok=1
Cmd: compileSnippet
  api=4 type=1 insize=5941 outsize=1664 kw= ok=1
Cmd: compileSnippet
  api=4 type=0 insize=9040 outsize=5109 kw=LIGHTMAP_OFF DIRLIGHTMAP_OFF DYNAMICLIGHTMAP_OFF HDR_LIGHT_PREPASS_OFF ok=1
Cmd: compileSnippet
  api=4 type=1 insize=9040 outsize=2663 kw=LIGHTMAP_OFF DIRLIGHTMAP_OFF DYNAMICLIGHTMAP_OFF HDR_LIGHT_PREPASS_OFF ok=1
Cmd: compileSnippet
  api=4 type=0 insize=6418 outsize=4581 kw= ok=1
Cmd: compileSnippet
  api=4 type=1 insize=6418 outsize=2607 kw= ok=1
Cmd: preprocess
  insize=3380 outsize=1690 ok=1
Cmd: compileSnippet
  api=4 type=0 insize=9974 outsize=4857 kw=DIRECTIONAL SHADOWS_OFF LIGHTMAP_OFF DIRLIGHTMAP_OFF DYNAMICLIGHTMAP_OFF ok=1
Cmd: compileSnippet
  api=4 type=1 insize=9974 outsize=2753 kw=DIRECTIONAL SHADOWS_OFF LIGHTMAP_OFF DIRLIGHTMAP_OFF DYNAMICLIGHTMAP_OFF ok=1
Cmd: compileSnippet
  api=4 type=0 insize=7086 outsize=3939 kw=POINT ok=1
Cmd: compileSnippet
  api=4 type=1 insize=7086 outsize=2444 kw=POINT ok=1
Cmd: compileSnippet
  api=4 type=0 insize=6039 outsize=3248 kw= ok=1
Cmd: compileSnippet
  api=4 type=1 insize=6039 outsize=917 kw= ok=1
Cmd: compileSnippet
  api=4 type=0 insize=9356 outsize=5109 kw=LIGHTMAP_OFF DIRLIGHTMAP_OFF DYNAMICLIGHTMAP_OFF HDR_LIGHT_PREPASS_OFF ok=1
Cmd: compileSnippet
  api=4 type=1 insize=9356 outsize=2168 kw=LIGHTMAP_OFF DIRLIGHTMAP_OFF DYNAMICLIGHTMAP_OFF HDR_LIGHT_PREPASS_OFF ok=1
Cmd: compileSnippet
  api=4 type=0 insize=6866 outsize=4670 kw= ok=1
Cmd: compileSnippet
  api=4 type=1 insize=6866 outsize=3508 kw= ok=1
Cmd: preprocess
  insize=778 outsize=1063 ok=1
Cmd: compileSnippet
  api=4 type=0 insize=6834 outsize=3647 kw=DIRECTIONAL LIGHTMAP_OFF DIRLIGHTMAP_OFF DYNAMICLIGHTMAP_OFF ok=1
Cmd: compileSnippet
  api=4 type=1 insize=6834 outsize=1445 kw=DIRECTIONAL LIGHTMAP_OFF DIRLIGHTMAP_OFF DYNAMICLIGHTMAP_OFF ok=1
Cmd: compileSnippet
  api=4 type=0 insize=3694 outsize=2737 kw=POINT ok=1
Cmd: compileSnippet
  api=4 type=1 insize=3694 outsize=2095 kw=POINT ok=1
Cmd: compileSnippet
  api=4 type=0 insize=3265 outsize=2468 kw= ok=1
Cmd: compileSnippet
  api=4 type=1 insize=3265 outsize=1233 kw= ok=1
Cmd: preprocess
  insize=2159 outsize=431 ok=1
Cmd: compileSnippet
  api=4 type=0 insize=2030 outsize=2241 kw= ok=1
Cmd: compileSnippet
  api=4 type=1 insize=2030 outsize=1168 kw= ok=1
Cmd: compileSnippet
  api=4 type=0 insize=1482 outsize=1274 kw=SOFTPARTICLES_OFF ok=1
Cmd: compileSnippet
  api=4 type=1 insize=1482 outsize=933 kw=SOFTPARTICLES_OFF ok=1
Cmd: compileSnippet
  api=4 type=0 insize=990 outsize=1071 kw= ok=1
Cmd: compileSnippet
  api=4 type=1 insize=990 outsize=697 kw= ok=1
Cmd: compileSnippet
  api=4 type=0 insize=1705 outsize=1274 kw=SOFTPARTICLES_OFF ok=1
Cmd: compileSnippet
  api=4 type=1 insize=1705 outsize=908 kw=SOFTPARTICLES_OFF ok=1
Cmd: compileSnippet
  api=4 type=0 insize=541 outsize=3517 kw=SHADOWS_DEPTH ok=1
Cmd: compileSnippet
  api=4 type=1 insize=541 outsize=437 kw=SHADOWS_DEPTH ok=1
Cmd: compileSnippet
  api=4 type=0 insize=6810 outsize=3647 kw=DIRECTIONAL SHADOWS_OFF LIGHTMAP_OFF DIRLIGHTMAP_OFF DYNAMICLIGHTMAP_OFF ok=1
Cmd: compileSnippet
  api=4 type=1 insize=6810 outsize=1298 kw=DIRECTIONAL SHADOWS_OFF LIGHTMAP_OFF DIRLIGHTMAP_OFF DYNAMICLIGHTMAP_OFF ok=1
Cmd: compileSnippet
  api=4 type=0 insize=3647 outsize=2737 kw=DIRECTIONAL ok=1
Cmd: compileSnippet
  api=4 type=1 insize=3647 outsize=1152 kw=DIRECTIONAL ok=1
Cmd: compileSnippet
  api=4 type=0 insize=3694 outsize=2737 kw=DIRECTIONAL ok=1
Cmd: compileSnippet
  api=4 type=1 insize=3694 outsize=1315 kw=DIRECTIONAL ok=1
Cmd: compileSnippet
  api=4 type=0 insize=14306 outsize=3809 kw=DIRECTIONAL SHADOWS_OFF LIGHTMAP_OFF DIRLIGHTMAP_OFF DYNAMICLIGHTMAP_OFF ok=1
Cmd: compileSnippet
  api=4 type=1 insize=14306 outsize=1420 kw=DIRECTIONAL SHADOWS_OFF LIGHTMAP_OFF DIRLIGHTMAP_OFF DYNAMICLIGHTMAP_OFF ok=1
Cmd: compileSnippet
  api=4 type=0 insize=7914 outsize=2899 kw=DIRECTIONAL ok=1
Cmd: compileSnippet
  api=4 type=1 insize=7914 outsize=1274 kw=DIRECTIONAL ok=1
Cmd: compileSnippet
  api=4 type=0 insize=7088 outsize=4102 kw=DIRECTIONAL ok=1
Cmd: compileSnippet
  api=4 type=1 insize=7088 outsize=4004 kw=DIRECTIONAL ok=1
Cmd: compileSnippet
  api=4 type=0 insize=1706 outsize=1274 kw=SOFTPARTICLES_OFF ok=1
Cmd: compileSnippet
  api=4 type=1 insize=1706 outsize=852 kw=SOFTPARTICLES_OFF ok=1
Cmd: compileSnippet
  api=4 type=0 insize=1642 outsize=1274 kw=SOFTPARTICLES_OFF ok=1
Cmd: compileSnippet
  api=4 type=1 insize=1642 outsize=908 kw=SOFTPARTICLES_OFF ok=1
Cmd: compileSnippet
  api=4 type=0 insize=7086 outsize=3939 kw=DIRECTIONAL ok=1
Cmd: compileSnippet
  api=4 type=1 insize=7086 outsize=1664 kw=DIRECTIONAL ok=1
Cmd: compileSnippet
  api=4 type=0 insize=751 outsize=3517 kw=SHADOWS_DEPTH ok=1
Cmd: compileSnippet
  api=4 type=1 insize=751 outsize=364 kw=SHADOWS_DEPTH ok=1
Cmd: compileSnippet
  api=4 type=0 insize=982 outsize=3963 kw=DIRECTIONAL SHADOWS_OFF LIGHTMAP_OFF DIRLIGHTMAP_OFF DYNAMICLIGHTMAP_OFF ok=1
Cmd: compileSnippet
  api=4 type=1 insize=982 outsize=10488 kw=DIRECTIONAL SHADOWS_OFF LIGHTMAP_OFF DIRLIGHTMAP_OFF DYNAMICLIGHTMAP_OFF ok=1
Cmd: compileSnippet
  api=4 type=0 insize=938 outsize=4020 kw=DIRECTIONAL SHADOWS_OFF ok=1
Cmd: compileSnippet
  api=4 type=1 insize=938 outsize=5442 kw=DIRECTIONAL SHADOWS_OFF ok=1
Cmd: compileSnippet
  api=4 type=0 insize=1051 outsize=1250 kw= ok=1
Cmd: compileSnippet
  api=4 type=1 insize=1051 outsize=949 kw= ok=1
