Base path: D:/UnityEditor/Editor/Data
Pipe name: \\.\pipe\UnityShaderCompiler-2-12260
Cmd: getPlatforms
Cmd: compileSnippet
  api=1 type=0 insize=6159 outsize=680 kw=DIRECTIONAL LIGHTMAP_OFF DIRLIGHTMAP_OFF ok=1
Cmd: compileSnippet
  api=4 type=0 insize=6159 outsize=1607 kw=DIRECTIONAL LIGHTMAP_ON DIRLIGHTMAP_ON ok=1
Cmd: compileSnippet
  api=1 type=0 insize=6159 outsize=1236 kw=DIRECTIONAL LIGHTMAP_OFF DIRLIGHTMAP_OFF VERTEXLIGHT_ON ok=1
Cmd: compileSnippet
  api=1 type=1 insize=6159 outsize=687 kw=DIRECTIONAL LIGHTMAP_ON DIRLIGHTMAP_OFF ok=1
Cmd: compileSnippet
  api=1 type=1 insize=6159 outsize=687 kw=DIRECTIONAL LIGHTMAP_ON DIRLIGHTMAP_ON ok=1
Cmd: compileSnippet
  api=0 type=0 insize=4057 outsize=614 kw=DIRECTIONAL ok=1
Cmd: compileSnippet
  api=1 type=0 insize=4057 outsize=501 kw=SPOT ok=1
Cmd: compileSnippet
  api=0 type=0 insize=4057 outsize=811 kw=DIRECTIONAL_COOKIE ok=1
Cmd: compileSnippet
  api=1 type=1 insize=4057 outsize=732 kw=DIRECTIONAL ok=1
Cmd: compileSnippet
  api=4 type=1 insize=4057 outsize=1818 kw=DIRECTIONAL ok=1
Cmd: compileSnippet
  api=4 type=1 insize=4057 outsize=2420 kw=POINT_COOKIE ok=1
Unhandled exception: Readfile from pipe failed. GLE=The pipe has been ended.


Quitting shader compiler process
